2024-04-20T15:21:39.827+02:00  INFO 764 --- [main] s.SpringBootRestApiPostgresqlApplication : Starting SpringBootRestApiPostgresqlApplication using Java 17.0.10 with PID 764 (C:\Users\HP-Laptop\Desktop\Cloud\Laborator 2\target\classes started by HP-Laptop in C:\Users\HP-Laptop\Desktop\Cloud\Laborator 2)
2024-04-20T15:21:39.863+02:00  INFO 764 --- [main] s.SpringBootRestApiPostgresqlApplication : No active profile set, falling back to 1 default profile: "default"
2024-04-20T15:21:41.004+02:00  INFO 764 --- [main] .s.d.r.c.RepositoryConfigurationDelegate : Bootstrapping Spring Data JPA repositories in DEFAULT mode.
2024-04-20T15:21:41.146+02:00  INFO 764 --- [main] .s.d.r.c.RepositoryConfigurationDelegate : Finished Spring Data repository scanning in 120 ms. Found 2 JPA repository interfaces.
2024-04-20T15:21:42.038+02:00  INFO 764 --- [main] o.s.b.w.embedded.tomcat.TomcatWebServer  : Tomcat initialized with port(s): 8080 (http)
2024-04-20T15:21:42.055+02:00  INFO 764 --- [main] o.apache.catalina.core.StandardService   : Starting service [Tomcat]
2024-04-20T15:21:42.055+02:00  INFO 764 --- [main] o.apache.catalina.core.StandardEngine    : Starting Servlet engine: [Apache Tomcat/10.1.15]
2024-04-20T15:21:42.228+02:00  INFO 764 --- [main] o.a.c.c.C.[Tomcat].[localhost].[/]       : Initializing Spring embedded WebApplicationContext
2024-04-20T15:21:42.228+02:00  INFO 764 --- [main] w.s.c.ServletWebServerApplicationContext : Root WebApplicationContext: initialization completed in 2256 ms
2024-04-20T15:21:42.461+02:00  INFO 764 --- [main] o.hibernate.jpa.internal.util.LogHelper  : HHH000204: Processing PersistenceUnitInfo [name: default]
2024-04-20T15:21:42.600+02:00  INFO 764 --- [main] org.hibernate.Version                    : HHH000412: Hibernate ORM core version 6.2.13.Final
2024-04-20T15:21:42.616+02:00  INFO 764 --- [main] org.hibernate.cfg.Environment            : HHH000406: Using bytecode reflection optimizer
2024-04-20T15:21:43.098+02:00  INFO 764 --- [main] o.s.o.j.p.SpringPersistenceUnitInfo      : No LoadTimeWeaver setup: ignoring JPA class transformer
2024-04-20T15:21:43.149+02:00  INFO 764 --- [main] com.zaxxer.hikari.HikariDataSource       : HikariPool-1 - Starting...
2024-04-20T15:21:45.538+02:00  INFO 764 --- [main] com.zaxxer.hikari.pool.HikariPool        : HikariPool-1 - Added connection org.postgresql.jdbc.PgConnection@26ffd2c0
2024-04-20T15:21:45.555+02:00  INFO 764 --- [main] com.zaxxer.hikari.HikariDataSource       : HikariPool-1 - Start completed.
2024-04-20T15:21:45.723+02:00  WARN 764 --- [main] org.hibernate.orm.deprecation            : HHH90000025: PostgreSQLDialect does not need to be specified explicitly using 'hibernate.dialect' (remove the property setting and it will be selected by default)
2024-04-20T15:21:48.133+02:00  INFO 764 --- [main] o.h.e.t.j.p.i.JtaPlatformInitiator       : HHH000489: No JTA platform available (set 'hibernate.transaction.jta.platform' to enable JTA platform integration)
2024-04-20T15:21:49.731+02:00  INFO 764 --- [main] j.LocalContainerEntityManagerFactoryBean : Initialized JPA EntityManagerFactory for persistence unit 'default'
2024-04-20T15:21:50.412+02:00  WARN 764 --- [main] JpaBaseConfiguration$JpaWebConfiguration : spring.jpa.open-in-view is enabled by default. Therefore, database queries may be performed during view rendering. Explicitly configure spring.jpa.open-in-view to disable this warning
2024-04-20T15:21:51.149+02:00  INFO 764 --- [main] o.s.b.w.embedded.tomcat.TomcatWebServer  : Tomcat started on port(s): 8080 (http) with context path ''
2024-04-20T15:21:51.149+02:00  INFO 764 --- [main] s.SpringBootRestApiPostgresqlApplication : Started SpringBootRestApiPostgresqlApplication in 12.127 seconds (process running for 13.13)
2024-04-20T15:22:30.537+02:00  INFO 764 --- [http-nio-8080-exec-1] o.a.c.c.C.[Tomcat].[localhost].[/]       : Initializing Spring DispatcherServlet 'dispatcherServlet'
2024-04-20T15:22:30.552+02:00  INFO 764 --- [http-nio-8080-exec-1] o.s.web.servlet.DispatcherServlet        : Initializing Servlet 'dispatcherServlet'
2024-04-20T15:22:30.610+02:00  INFO 764 --- [http-nio-8080-exec-1] o.s.web.servlet.DispatcherServlet        : Completed initialization in 57 ms
2024-04-20T15:23:09.436+02:00  INFO 764 --- [SpringApplicationShutdownHook] j.LocalContainerEntityManagerFactoryBean : Closing JPA EntityManagerFactory for persistence unit 'default'
2024-04-20T15:23:09.457+02:00  INFO 764 --- [SpringApplicationShutdownHook] com.zaxxer.hikari.HikariDataSource       : HikariPool-1 - Shutdown initiated...
2024-04-20T15:23:10.004+02:00  INFO 764 --- [SpringApplicationShutdownHook] com.zaxxer.hikari.HikariDataSource       : HikariPool-1 - Shutdown completed.
